{"t":{"$date":"2020-10-04T03:39:56.364+00:00"},"s":"I",  "c":"CONTROL",  "id":23285,   "ctx":"main","msg":"Automatically disabling TLS 1.0, to force-enable TLS 1.0 specify --sslDisabledProtocols 'none'"}
{"t":{"$date":"2020-10-04T03:39:56.366+00:00"},"s":"W",  "c":"ASIO",     "id":22601,   "ctx":"main","msg":"No TransportLayer configured during NetworkInterface startup"}
{"t":{"$date":"2020-10-04T03:39:56.366+00:00"},"s":"I",  "c":"NETWORK",  "id":4648601, "ctx":"main","msg":"Implicit TCP FastOpen unavailable. If TCP FastOpen is required, set tcpFastOpenServer, tcpFastOpenClient, and tcpFastOpenQueueSize."}
{"t":{"$date":"2020-10-04T03:39:56.367+00:00"},"s":"I",  "c":"STORAGE",  "id":4615611, "ctx":"initandlisten","msg":"MongoDB starting","attr":{"pid":9716,"port":27017,"dbPath":"/home/codespace/workspace/lib","architecture":"64-bit","host":"codespaces_caf283"}}
{"t":{"$date":"2020-10-04T03:39:56.367+00:00"},"s":"I",  "c":"CONTROL",  "id":23403,   "ctx":"initandlisten","msg":"Build Info","attr":{"buildInfo":{"version":"4.4.1","gitVersion":"ad91a93a5a31e175f5cbf8c69561e788bbc55ce1","openSSLVersion":"OpenSSL 1.1.0l  10 Sep 2019","modules":[],"allocator":"tcmalloc","environment":{"distmod":"debian92","distarch":"x86_64","target_arch":"x86_64"}}}}
{"t":{"$date":"2020-10-04T03:39:56.367+00:00"},"s":"I",  "c":"CONTROL",  "id":51765,   "ctx":"initandlisten","msg":"Operating System","attr":{"os":{"name":"PRETTY_NAME=\"Debian GNU/Linux 9 (stretch)\"","version":"Kernel 5.4.0-1026-azure"}}}
{"t":{"$date":"2020-10-04T03:39:56.367+00:00"},"s":"I",  "c":"CONTROL",  "id":21951,   "ctx":"initandlisten","msg":"Options set by command line","attr":{"options":{"processManagement":{"fork":true},"storage":{"dbPath":"lib"},"systemLog":{"destination":"file","path":"log/mongod.log"}}}}
{"t":{"$date":"2020-10-04T03:39:56.370+00:00"},"s":"I",  "c":"STORAGE",  "id":22297,   "ctx":"initandlisten","msg":"Using the XFS filesystem is strongly recommended with the WiredTiger storage engine. See http://dochub.mongodb.org/core/prodnotes-filesystem","tags":["startupWarnings"]}
{"t":{"$date":"2020-10-04T03:39:56.370+00:00"},"s":"I",  "c":"STORAGE",  "id":22315,   "ctx":"initandlisten","msg":"Opening WiredTiger","attr":{"config":"create,cache_size=1456M,session_max=33000,eviction=(threads_min=4,threads_max=4),config_base=false,statistics=(fast),log=(enabled=true,archive=true,path=journal,compressor=snappy),file_manager=(close_idle_time=100000,close_scan_interval=10,close_handle_minimum=250),statistics_log=(wait=0),verbose=[recovery_progress,checkpoint_progress,compact_progress],"}}
{"t":{"$date":"2020-10-04T03:39:56.929+00:00"},"s":"E",  "c":"STORAGE",  "id":22435,   "ctx":"initandlisten","msg":"WiredTiger error","attr":{"error":95,"message":"[1601782796:929278][9716:0x7fd1689b0a40], connection: __posix_std_fallocate, 58: /home/codespace/workspace/lib/journal/WiredTigerTmplog.0000000001: fallocate:: Operation not supported"}}
{"t":{"$date":"2020-10-04T03:39:56.929+00:00"},"s":"E",  "c":"STORAGE",  "id":22435,   "ctx":"initandlisten","msg":"WiredTiger error","attr":{"error":95,"message":"[1601782796:929347][9716:0x7fd1689b0a40], connection: __posix_sys_fallocate, 75: /home/codespace/workspace/lib/journal/WiredTigerTmplog.0000000001: fallocate:: Operation not supported"}}
{"t":{"$date":"2020-10-04T03:39:58.185+00:00"},"s":"I",  "c":"STORAGE",  "id":22430,   "ctx":"initandlisten","msg":"WiredTiger message","attr":{"message":"[1601782798:185587][9716:0x7fd1689b0a40], txn-recover: [WT_VERB_RECOVERY | WT_VERB_RECOVERY_PROGRESS] Set global recovery timestamp: (0, 0)"}}
{"t":{"$date":"2020-10-04T03:39:58.185+00:00"},"s":"I",  "c":"STORAGE",  "id":22430,   "ctx":"initandlisten","msg":"WiredTiger message","attr":{"message":"[1601782798:185649][9716:0x7fd1689b0a40], txn-recover: [WT_VERB_RECOVERY | WT_VERB_RECOVERY_PROGRESS] Set global oldest timestamp: (0, 0)"}}
{"t":{"$date":"2020-10-04T03:39:58.220+00:00"},"s":"I",  "c":"STORAGE",  "id":4795906, "ctx":"initandlisten","msg":"WiredTiger opened","attr":{"durationMillis":1850}}
{"t":{"$date":"2020-10-04T03:39:58.220+00:00"},"s":"I",  "c":"RECOVERY", "id":23987,   "ctx":"initandlisten","msg":"WiredTiger recoveryTimestamp","attr":{"recoveryTimestamp":{"$timestamp":{"t":0,"i":0}}}}
{"t":{"$date":"2020-10-04T03:39:58.234+00:00"},"s":"E",  "c":"STORAGE",  "id":22435,   "ctx":"thread1","msg":"WiredTiger error","attr":{"error":95,"message":"[1601782798:234740][9716:0x7fd15f817700], log-server: __posix_std_fallocate, 58: /home/codespace/workspace/lib/journal/WiredTigerTmplog.0000000002: fallocate:: Operation not supported"}}
{"t":{"$date":"2020-10-04T03:39:58.234+00:00"},"s":"E",  "c":"STORAGE",  "id":22435,   "ctx":"thread1","msg":"WiredTiger error","attr":{"error":95,"message":"[1601782798:234822][9716:0x7fd15f817700], log-server: __posix_sys_fallocate, 75: /home/codespace/workspace/lib/journal/WiredTigerTmplog.0000000002: fallocate:: Operation not supported"}}
{"t":{"$date":"2020-10-04T03:39:58.269+00:00"},"s":"I",  "c":"STORAGE",  "id":22262,   "ctx":"initandlisten","msg":"Timestamp monitor starting"}
{"t":{"$date":"2020-10-04T03:39:58.312+00:00"},"s":"W",  "c":"CONTROL",  "id":22120,   "ctx":"initandlisten","msg":"Access control is not enabled for the database. Read and write access to data and configuration is unrestricted","tags":["startupWarnings"]}
{"t":{"$date":"2020-10-04T03:39:58.312+00:00"},"s":"W",  "c":"CONTROL",  "id":22140,   "ctx":"initandlisten","msg":"This server is bound to localhost. Remote systems will be unable to connect to this server. Start the server with --bind_ip <address> to specify which IP addresses it should serve responses from, or with --bind_ip_all to bind to all interfaces. If this behavior is desired, start the server with --bind_ip 127.0.0.1 to disable this warning","tags":["startupWarnings"]}
{"t":{"$date":"2020-10-04T03:39:58.312+00:00"},"s":"W",  "c":"CONTROL",  "id":22178,   "ctx":"initandlisten","msg":"/sys/kernel/mm/transparent_hugepage/enabled is 'always'. We suggest setting it to 'never'","tags":["startupWarnings"]}
{"t":{"$date":"2020-10-04T03:39:58.320+00:00"},"s":"I",  "c":"STORAGE",  "id":20320,   "ctx":"initandlisten","msg":"createCollection","attr":{"namespace":"admin.system.version","uuidDisposition":"provided","uuid":{"uuid":{"$uuid":"ef364554-8fc6-455b-ad15-b525934488f3"}},"options":{"uuid":{"$uuid":"ef364554-8fc6-455b-ad15-b525934488f3"}}}}
{"t":{"$date":"2020-10-04T03:39:58.375+00:00"},"s":"I",  "c":"INDEX",    "id":20345,   "ctx":"initandlisten","msg":"Index build: done building","attr":{"buildUUID":null,"namespace":"admin.system.version","index":"_id_","commitTimestamp":{"$timestamp":{"t":0,"i":0}}}}
{"t":{"$date":"2020-10-04T03:39:58.375+00:00"},"s":"I",  "c":"COMMAND",  "id":20459,   "ctx":"initandlisten","msg":"Setting featureCompatibilityVersion","attr":{"newVersion":"4.4"}}
{"t":{"$date":"2020-10-04T03:39:58.376+00:00"},"s":"I",  "c":"STORAGE",  "id":20536,   "ctx":"initandlisten","msg":"Flow Control is enabled on this deployment"}
{"t":{"$date":"2020-10-04T03:39:58.384+00:00"},"s":"I",  "c":"STORAGE",  "id":20320,   "ctx":"initandlisten","msg":"createCollection","attr":{"namespace":"local.startup_log","uuidDisposition":"generated","uuid":{"uuid":{"$uuid":"f74ebe36-0298-4da2-b39f-cb7d5de4bb9c"}},"options":{"capped":true,"size":10485760}}}
{"t":{"$date":"2020-10-04T03:39:59.534+00:00"},"s":"E",  "c":"STORAGE",  "id":22435,   "ctx":"thread1","msg":"WiredTiger error","attr":{"error":95,"message":"[1601782799:534371][9716:0x7fd15f817700], log-server: __posix_std_fallocate, 58: /home/codespace/workspace/lib/journal/WiredTigerTmplog.0000000003: fallocate:: Operation not supported"}}
{"t":{"$date":"2020-10-04T03:39:59.534+00:00"},"s":"E",  "c":"STORAGE",  "id":22435,   "ctx":"thread1","msg":"WiredTiger error","attr":{"error":95,"message":"[1601782799:534441][9716:0x7fd15f817700], log-server: __posix_sys_fallocate, 75: /home/codespace/workspace/lib/journal/WiredTigerTmplog.0000000003: fallocate:: Operation not supported"}}
{"t":{"$date":"2020-10-04T03:39:59.562+00:00"},"s":"I",  "c":"INDEX",    "id":20345,   "ctx":"initandlisten","msg":"Index build: done building","attr":{"buildUUID":null,"namespace":"local.startup_log","index":"_id_","commitTimestamp":{"$timestamp":{"t":0,"i":0}}}}
{"t":{"$date":"2020-10-04T03:39:59.563+00:00"},"s":"I",  "c":"FTDC",     "id":20625,   "ctx":"initandlisten","msg":"Initializing full-time diagnostic data capture","attr":{"dataDirectory":"/home/codespace/workspace/lib/diagnostic.data"}}
{"t":{"$date":"2020-10-04T03:39:59.578+00:00"},"s":"I",  "c":"STORAGE",  "id":20320,   "ctx":"LogicalSessionCacheRefresh","msg":"createCollection","attr":{"namespace":"config.system.sessions","uuidDisposition":"generated","uuid":{"uuid":{"$uuid":"d3dcb0a1-3c75-41cf-ae85-ae50197f94e0"}},"options":{}}}
{"t":{"$date":"2020-10-04T03:39:59.586+00:00"},"s":"I",  "c":"CONTROL",  "id":20712,   "ctx":"LogicalSessionCacheReap","msg":"Sessions collection is not set up; waiting until next sessions reap interval","attr":{"error":"NamespaceNotFound: config.system.sessions does not exist"}}
{"t":{"$date":"2020-10-04T03:39:59.593+00:00"},"s":"I",  "c":"NETWORK",  "id":23015,   "ctx":"listener","msg":"Listening on","attr":{"address":"/tmp/mongodb-27017.sock"}}
{"t":{"$date":"2020-10-04T03:39:59.593+00:00"},"s":"I",  "c":"NETWORK",  "id":23015,   "ctx":"listener","msg":"Listening on","attr":{"address":"127.0.0.1"}}
{"t":{"$date":"2020-10-04T03:39:59.593+00:00"},"s":"I",  "c":"NETWORK",  "id":23016,   "ctx":"listener","msg":"Waiting for connections","attr":{"port":27017,"ssl":"off"}}
{"t":{"$date":"2020-10-04T03:39:59.657+00:00"},"s":"I",  "c":"INDEX",    "id":20345,   "ctx":"LogicalSessionCacheRefresh","msg":"Index build: done building","attr":{"buildUUID":null,"namespace":"config.system.sessions","index":"_id_","commitTimestamp":{"$timestamp":{"t":0,"i":0}}}}
{"t":{"$date":"2020-10-04T03:39:59.657+00:00"},"s":"I",  "c":"INDEX",    "id":20345,   "ctx":"LogicalSessionCacheRefresh","msg":"Index build: done building","attr":{"buildUUID":null,"namespace":"config.system.sessions","index":"lsidTTLIndex","commitTimestamp":{"$timestamp":{"t":0,"i":0}}}}
{"t":{"$date":"2020-10-04T03:41:31.957+00:00"},"s":"I",  "c":"NETWORK",  "id":22943,   "ctx":"listener","msg":"Connection accepted","attr":{"remote":"127.0.0.1:33322","connectionId":1,"connectionCount":1}}
{"t":{"$date":"2020-10-04T03:41:31.958+00:00"},"s":"I",  "c":"NETWORK",  "id":51800,   "ctx":"conn1","msg":"client metadata","attr":{"remote":"127.0.0.1:33322","client":"conn1","doc":{"driver":{"name":"PyMongo","version":"3.11.0"},"os":{"type":"Linux","name":"Linux","architecture":"x86_64","version":"5.4.0-1026-azure"},"platform":"CPython 3.8.1.final.0"}}}
{"t":{"$date":"2020-10-04T03:41:31.959+00:00"},"s":"I",  "c":"NETWORK",  "id":22943,   "ctx":"listener","msg":"Connection accepted","attr":{"remote":"127.0.0.1:33324","connectionId":2,"connectionCount":2}}
{"t":{"$date":"2020-10-04T03:41:31.959+00:00"},"s":"I",  "c":"NETWORK",  "id":51800,   "ctx":"conn2","msg":"client metadata","attr":{"remote":"127.0.0.1:33324","client":"conn2","doc":{"driver":{"name":"PyMongo","version":"3.11.0"},"os":{"type":"Linux","name":"Linux","architecture":"x86_64","version":"5.4.0-1026-azure"},"platform":"CPython 3.8.1.final.0"}}}
{"t":{"$date":"2020-10-04T03:41:31.960+00:00"},"s":"I",  "c":"NETWORK",  "id":22943,   "ctx":"listener","msg":"Connection accepted","attr":{"remote":"127.0.0.1:33326","connectionId":3,"connectionCount":3}}
{"t":{"$date":"2020-10-04T03:41:31.961+00:00"},"s":"I",  "c":"NETWORK",  "id":51800,   "ctx":"conn3","msg":"client metadata","attr":{"remote":"127.0.0.1:33326","client":"conn3","doc":{"driver":{"name":"PyMongo","version":"3.11.0"},"os":{"type":"Linux","name":"Linux","architecture":"x86_64","version":"5.4.0-1026-azure"},"platform":"CPython 3.8.1.final.0"}}}
{"t":{"$date":"2020-10-04T03:42:29.516+00:00"},"s":"I",  "c":"NETWORK",  "id":22944,   "ctx":"conn3","msg":"Connection ended","attr":{"remote":"127.0.0.1:33326","connectionId":3,"connectionCount":2}}
{"t":{"$date":"2020-10-04T03:42:29.516+00:00"},"s":"I",  "c":"-",        "id":20883,   "ctx":"conn1","msg":"Interrupted operation as its client disconnected","attr":{"opId":1803}}
{"t":{"$date":"2020-10-04T03:42:29.516+00:00"},"s":"I",  "c":"NETWORK",  "id":22944,   "ctx":"conn2","msg":"Connection ended","attr":{"remote":"127.0.0.1:33324","connectionId":2,"connectionCount":1}}
{"t":{"$date":"2020-10-04T03:42:29.517+00:00"},"s":"I",  "c":"NETWORK",  "id":22944,   "ctx":"conn1","msg":"Connection ended","attr":{"remote":"127.0.0.1:33322","connectionId":1,"connectionCount":0}}
{"t":{"$date":"2020-10-04T03:42:31.229+00:00"},"s":"I",  "c":"NETWORK",  "id":22943,   "ctx":"listener","msg":"Connection accepted","attr":{"remote":"127.0.0.1:33420","connectionId":4,"connectionCount":1}}
{"t":{"$date":"2020-10-04T03:42:31.231+00:00"},"s":"I",  "c":"NETWORK",  "id":51800,   "ctx":"conn4","msg":"client metadata","attr":{"remote":"127.0.0.1:33420","client":"conn4","doc":{"driver":{"name":"PyMongo","version":"3.11.0"},"os":{"type":"Linux","name":"Linux","architecture":"x86_64","version":"5.4.0-1026-azure"},"platform":"CPython 3.8.1.final.0"}}}
{"t":{"$date":"2020-10-04T03:42:31.233+00:00"},"s":"I",  "c":"NETWORK",  "id":22943,   "ctx":"listener","msg":"Connection accepted","attr":{"remote":"127.0.0.1:33422","connectionId":5,"connectionCount":2}}
{"t":{"$date":"2020-10-04T03:42:31.234+00:00"},"s":"I",  "c":"NETWORK",  "id":22943,   "ctx":"listener","msg":"Connection accepted","attr":{"remote":"127.0.0.1:33424","connectionId":6,"connectionCount":3}}
{"t":{"$date":"2020-10-04T03:42:31.235+00:00"},"s":"I",  "c":"NETWORK",  "id":51800,   "ctx":"conn5","msg":"client metadata","attr":{"remote":"127.0.0.1:33422","client":"conn5","doc":{"driver":{"name":"PyMongo","version":"3.11.0"},"os":{"type":"Linux","name":"Linux","architecture":"x86_64","version":"5.4.0-1026-azure"},"platform":"CPython 3.8.1.final.0"}}}
{"t":{"$date":"2020-10-04T03:42:31.235+00:00"},"s":"I",  "c":"NETWORK",  "id":51800,   "ctx":"conn6","msg":"client metadata","attr":{"remote":"127.0.0.1:33424","client":"conn6","doc":{"driver":{"name":"PyMongo","version":"3.11.0"},"os":{"type":"Linux","name":"Linux","architecture":"x86_64","version":"5.4.0-1026-azure"},"platform":"CPython 3.8.1.final.0"}}}
{"t":{"$date":"2020-10-04T03:43:58.206+00:00"},"s":"I",  "c":"NETWORK",  "id":22944,   "ctx":"conn5","msg":"Connection ended","attr":{"remote":"127.0.0.1:33422","connectionId":5,"connectionCount":1}}
{"t":{"$date":"2020-10-04T03:43:58.206+00:00"},"s":"I",  "c":"NETWORK",  "id":22944,   "ctx":"conn6","msg":"Connection ended","attr":{"remote":"127.0.0.1:33424","connectionId":6,"connectionCount":2}}
{"t":{"$date":"2020-10-04T03:43:58.312+00:00"},"s":"I",  "c":"-",        "id":20883,   "ctx":"conn4","msg":"Interrupted operation as its client disconnected","attr":{"opId":2942}}
{"t":{"$date":"2020-10-04T03:43:58.313+00:00"},"s":"I",  "c":"NETWORK",  "id":22944,   "ctx":"conn4","msg":"Connection ended","attr":{"remote":"127.0.0.1:33420","connectionId":4,"connectionCount":0}}
{"t":{"$date":"2020-10-04T03:44:40.171+00:00"},"s":"I",  "c":"NETWORK",  "id":22943,   "ctx":"listener","msg":"Connection accepted","attr":{"remote":"127.0.0.1:33688","connectionId":7,"connectionCount":1}}
{"t":{"$date":"2020-10-04T03:44:40.172+00:00"},"s":"I",  "c":"NETWORK",  "id":51800,   "ctx":"conn7","msg":"client metadata","attr":{"remote":"127.0.0.1:33688","client":"conn7","doc":{"driver":{"name":"PyMongo","version":"3.11.0"},"os":{"type":"Linux","name":"Linux","architecture":"x86_64","version":"5.4.0-1026-azure"},"platform":"CPython 3.8.1.final.0"}}}
{"t":{"$date":"2020-10-04T03:44:40.173+00:00"},"s":"I",  "c":"NETWORK",  "id":22943,   "ctx":"listener","msg":"Connection accepted","attr":{"remote":"127.0.0.1:33690","connectionId":8,"connectionCount":2}}
{"t":{"$date":"2020-10-04T03:44:40.174+00:00"},"s":"I",  "c":"NETWORK",  "id":51800,   "ctx":"conn8","msg":"client metadata","attr":{"remote":"127.0.0.1:33690","client":"conn8","doc":{"driver":{"name":"PyMongo","version":"3.11.0"},"os":{"type":"Linux","name":"Linux","architecture":"x86_64","version":"5.4.0-1026-azure"},"platform":"CPython 3.8.1.final.0"}}}
{"t":{"$date":"2020-10-04T03:44:40.174+00:00"},"s":"I",  "c":"NETWORK",  "id":22943,   "ctx":"listener","msg":"Connection accepted","attr":{"remote":"127.0.0.1:33692","connectionId":9,"connectionCount":3}}
{"t":{"$date":"2020-10-04T03:44:40.175+00:00"},"s":"I",  "c":"NETWORK",  "id":51800,   "ctx":"conn9","msg":"client metadata","attr":{"remote":"127.0.0.1:33692","client":"conn9","doc":{"driver":{"name":"PyMongo","version":"3.11.0"},"os":{"type":"Linux","name":"Linux","architecture":"x86_64","version":"5.4.0-1026-azure"},"platform":"CPython 3.8.1.final.0"}}}
{"t":{"$date":"2020-10-04T03:44:40.183+00:00"},"s":"I",  "c":"STORAGE",  "id":20320,   "ctx":"conn8","msg":"createCollection","attr":{"namespace":"mongodb.__schema__","uuidDisposition":"generated","uuid":{"uuid":{"$uuid":"ff82af6d-8aa7-4e07-adb0-fce33495a8e9"}},"options":{}}}
{"t":{"$date":"2020-10-04T03:44:40.232+00:00"},"s":"I",  "c":"INDEX",    "id":20345,   "ctx":"conn8","msg":"Index build: done building","attr":{"buildUUID":null,"namespace":"mongodb.__schema__","index":"_id_","commitTimestamp":{"$timestamp":{"t":0,"i":0}}}}
{"t":{"$date":"2020-10-04T03:44:40.233+00:00"},"s":"I",  "c":"INDEX",    "id":20438,   "ctx":"conn8","msg":"Index build: registering","attr":{"buildUUID":{"uuid":{"$uuid":"4c2a1263-7845-4948-b735-fdf2f1d9786d"}},"namespace":"mongodb.__schema__","collectionUUID":{"uuid":{"$uuid":"ff82af6d-8aa7-4e07-adb0-fce33495a8e9"}},"indexes":1,"firstIndex":{"name":"name_1"}}}
{"t":{"$date":"2020-10-04T03:44:40.262+00:00"},"s":"I",  "c":"INDEX",    "id":20345,   "ctx":"conn8","msg":"Index build: done building","attr":{"buildUUID":null,"namespace":"mongodb.__schema__","index":"name_1","commitTimestamp":{"$timestamp":{"t":0,"i":0}}}}
{"t":{"$date":"2020-10-04T03:44:40.262+00:00"},"s":"I",  "c":"INDEX",    "id":20440,   "ctx":"conn8","msg":"Index build: waiting for index build to complete","attr":{"buildUUID":{"uuid":{"$uuid":"4c2a1263-7845-4948-b735-fdf2f1d9786d"}},"deadline":{"$date":{"$numberLong":"9223372036854775807"}}}}
{"t":{"$date":"2020-10-04T03:44:40.262+00:00"},"s":"I",  "c":"INDEX",    "id":20447,   "ctx":"conn8","msg":"Index build: completed","attr":{"buildUUID":{"uuid":{"$uuid":"4c2a1263-7845-4948-b735-fdf2f1d9786d"}}}}
{"t":{"$date":"2020-10-04T03:44:40.263+00:00"},"s":"I",  "c":"INDEX",    "id":20438,   "ctx":"conn8","msg":"Index build: registering","attr":{"buildUUID":{"uuid":{"$uuid":"265c1d0b-2f22-4b2f-830b-00c9c5d19baf"}},"namespace":"mongodb.__schema__","collectionUUID":{"uuid":{"$uuid":"ff82af6d-8aa7-4e07-adb0-fce33495a8e9"}},"indexes":1,"firstIndex":{"name":"auto_1"}}}
{"t":{"$date":"2020-10-04T03:44:40.283+00:00"},"s":"I",  "c":"INDEX",    "id":20345,   "ctx":"conn8","msg":"Index build: done building","attr":{"buildUUID":null,"namespace":"mongodb.__schema__","index":"auto_1","commitTimestamp":{"$timestamp":{"t":0,"i":0}}}}
{"t":{"$date":"2020-10-04T03:44:40.283+00:00"},"s":"I",  "c":"INDEX",    "id":20440,   "ctx":"conn8","msg":"Index build: waiting for index build to complete","attr":{"buildUUID":{"uuid":{"$uuid":"265c1d0b-2f22-4b2f-830b-00c9c5d19baf"}},"deadline":{"$date":{"$numberLong":"9223372036854775807"}}}}
{"t":{"$date":"2020-10-04T03:44:40.283+00:00"},"s":"I",  "c":"INDEX",    "id":20447,   "ctx":"conn8","msg":"Index build: completed","attr":{"buildUUID":{"uuid":{"$uuid":"265c1d0b-2f22-4b2f-830b-00c9c5d19baf"}}}}
{"t":{"$date":"2020-10-04T03:44:40.285+00:00"},"s":"I",  "c":"STORAGE",  "id":20320,   "ctx":"conn8","msg":"createCollection","attr":{"namespace":"mongodb.django_migrations","uuidDisposition":"generated","uuid":{"uuid":{"$uuid":"47c66ae8-1205-4e62-9092-8c2926bcce94"}},"options":{}}}
{"t":{"$date":"2020-10-04T03:44:40.325+00:00"},"s":"I",  "c":"INDEX",    "id":20345,   "ctx":"conn8","msg":"Index build: done building","attr":{"buildUUID":null,"namespace":"mongodb.django_migrations","index":"_id_","commitTimestamp":{"$timestamp":{"t":0,"i":0}}}}
{"t":{"$date":"2020-10-04T03:44:40.326+00:00"},"s":"I",  "c":"INDEX",    "id":20438,   "ctx":"conn8","msg":"Index build: registering","attr":{"buildUUID":{"uuid":{"$uuid":"d460df9c-0c22-4885-affb-9c6c40fe2c39"}},"namespace":"mongodb.django_migrations","collectionUUID":{"uuid":{"$uuid":"47c66ae8-1205-4e62-9092-8c2926bcce94"}},"indexes":1,"firstIndex":{"name":"__primary_key__"}}}
{"t":{"$date":"2020-10-04T03:44:40.350+00:00"},"s":"I",  "c":"INDEX",    "id":20345,   "ctx":"conn8","msg":"Index build: done building","attr":{"buildUUID":null,"namespace":"mongodb.django_migrations","index":"__primary_key__","commitTimestamp":{"$timestamp":{"t":0,"i":0}}}}
{"t":{"$date":"2020-10-04T03:44:40.350+00:00"},"s":"I",  "c":"INDEX",    "id":20440,   "ctx":"conn8","msg":"Index build: waiting for index build to complete","attr":{"buildUUID":{"uuid":{"$uuid":"d460df9c-0c22-4885-affb-9c6c40fe2c39"}},"deadline":{"$date":{"$numberLong":"9223372036854775807"}}}}
{"t":{"$date":"2020-10-04T03:44:40.350+00:00"},"s":"I",  "c":"INDEX",    "id":20447,   "ctx":"conn8","msg":"Index build: completed","attr":{"buildUUID":{"uuid":{"$uuid":"d460df9c-0c22-4885-affb-9c6c40fe2c39"}}}}
{"t":{"$date":"2020-10-04T03:44:40.355+00:00"},"s":"I",  "c":"STORAGE",  "id":20320,   "ctx":"conn8","msg":"createCollection","attr":{"namespace":"mongodb.django_content_type","uuidDisposition":"generated","uuid":{"uuid":{"$uuid":"bc6680e3-964e-451b-bf63-954fde2a9f2b"}},"options":{}}}
{"t":{"$date":"2020-10-04T03:44:40.401+00:00"},"s":"I",  "c":"INDEX",    "id":20345,   "ctx":"conn8","msg":"Index build: done building","attr":{"buildUUID":null,"namespace":"mongodb.django_content_type","index":"_id_","commitTimestamp":{"$timestamp":{"t":0,"i":0}}}}
{"t":{"$date":"2020-10-04T03:44:40.402+00:00"},"s":"I",  "c":"INDEX",    "id":20438,   "ctx":"conn8","msg":"Index build: registering","attr":{"buildUUID":{"uuid":{"$uuid":"fc67273d-812b-4769-af78-c6742d0085f1"}},"namespace":"mongodb.django_content_type","collectionUUID":{"uuid":{"$uuid":"bc6680e3-964e-451b-bf63-954fde2a9f2b"}},"indexes":1,"firstIndex":{"name":"__primary_key__"}}}
{"t":{"$date":"2020-10-04T03:44:40.429+00:00"},"s":"I",  "c":"INDEX",    "id":20345,   "ctx":"conn8","msg":"Index build: done building","attr":{"buildUUID":null,"namespace":"mongodb.django_content_type","index":"__primary_key__","commitTimestamp":{"$timestamp":{"t":0,"i":0}}}}
{"t":{"$date":"2020-10-04T03:44:40.429+00:00"},"s":"I",  "c":"INDEX",    "id":20440,   "ctx":"conn8","msg":"Index build: waiting for index build to complete","attr":{"buildUUID":{"uuid":{"$uuid":"fc67273d-812b-4769-af78-c6742d0085f1"}},"deadline":{"$date":{"$numberLong":"9223372036854775807"}}}}
{"t":{"$date":"2020-10-04T03:44:40.429+00:00"},"s":"I",  "c":"INDEX",    "id":20447,   "ctx":"conn8","msg":"Index build: completed","attr":{"buildUUID":{"uuid":{"$uuid":"fc67273d-812b-4769-af78-c6742d0085f1"}}}}
{"t":{"$date":"2020-10-04T03:44:40.433+00:00"},"s":"I",  "c":"INDEX",    "id":20438,   "ctx":"conn8","msg":"Index build: registering","attr":{"buildUUID":{"uuid":{"$uuid":"4aa33807-5dac-4b11-a15c-40e7e34b3fa3"}},"namespace":"mongodb.django_content_type","collectionUUID":{"uuid":{"$uuid":"bc6680e3-964e-451b-bf63-954fde2a9f2b"}},"indexes":1,"firstIndex":{"name":"django_content_type_app_label_model_76bd3d3b_uniq"}}}
{"t":{"$date":"2020-10-04T03:44:40.455+00:00"},"s":"I",  "c":"INDEX",    "id":20345,   "ctx":"conn8","msg":"Index build: done building","attr":{"buildUUID":null,"namespace":"mongodb.django_content_type","index":"django_content_type_app_label_model_76bd3d3b_uniq","commitTimestamp":{"$timestamp":{"t":0,"i":0}}}}
{"t":{"$date":"2020-10-04T03:44:40.455+00:00"},"s":"I",  "c":"INDEX",    "id":20440,   "ctx":"conn8","msg":"Index build: waiting for index build to complete","attr":{"buildUUID":{"uuid":{"$uuid":"4aa33807-5dac-4b11-a15c-40e7e34b3fa3"}},"deadline":{"$date":{"$numberLong":"9223372036854775807"}}}}
{"t":{"$date":"2020-10-04T03:44:40.455+00:00"},"s":"I",  "c":"INDEX",    "id":20447,   "ctx":"conn8","msg":"Index build: completed","attr":{"buildUUID":{"uuid":{"$uuid":"4aa33807-5dac-4b11-a15c-40e7e34b3fa3"}}}}
{"t":{"$date":"2020-10-04T03:44:40.467+00:00"},"s":"I",  "c":"STORAGE",  "id":20320,   "ctx":"conn8","msg":"createCollection","attr":{"namespace":"mongodb.django_admin_log","uuidDisposition":"generated","uuid":{"uuid":{"$uuid":"a284bdfc-9430-4e15-8124-f478ce65a2db"}},"options":{}}}
{"t":{"$date":"2020-10-04T03:44:40.511+00:00"},"s":"I",  "c":"INDEX",    "id":20345,   "ctx":"conn8","msg":"Index build: done building","attr":{"buildUUID":null,"namespace":"mongodb.django_admin_log","index":"_id_","commitTimestamp":{"$timestamp":{"t":0,"i":0}}}}
{"t":{"$date":"2020-10-04T03:44:40.512+00:00"},"s":"I",  "c":"INDEX",    "id":20438,   "ctx":"conn8","msg":"Index build: registering","attr":{"buildUUID":{"uuid":{"$uuid":"d62abeb5-0f73-455c-adf5-1cb41daec560"}},"namespace":"mongodb.django_admin_log","collectionUUID":{"uuid":{"$uuid":"a284bdfc-9430-4e15-8124-f478ce65a2db"}},"indexes":1,"firstIndex":{"name":"__primary_key__"}}}
{"t":{"$date":"2020-10-04T03:44:40.533+00:00"},"s":"I",  "c":"INDEX",    "id":20345,   "ctx":"conn8","msg":"Index build: done building","attr":{"buildUUID":null,"namespace":"mongodb.django_admin_log","index":"__primary_key__","commitTimestamp":{"$timestamp":{"t":0,"i":0}}}}
{"t":{"$date":"2020-10-04T03:44:40.533+00:00"},"s":"I",  "c":"INDEX",    "id":20440,   "ctx":"conn8","msg":"Index build: waiting for index build to complete","attr":{"buildUUID":{"uuid":{"$uuid":"d62abeb5-0f73-455c-adf5-1cb41daec560"}},"deadline":{"$date":{"$numberLong":"9223372036854775807"}}}}
{"t":{"$date":"2020-10-04T03:44:40.533+00:00"},"s":"I",  "c":"INDEX",    "id":20447,   "ctx":"conn8","msg":"Index build: completed","attr":{"buildUUID":{"uuid":{"$uuid":"d62abeb5-0f73-455c-adf5-1cb41daec560"}}}}
{"t":{"$date":"2020-10-04T03:44:40.541+00:00"},"s":"I",  "c":"INDEX",    "id":20438,   "ctx":"conn8","msg":"Index build: registering","attr":{"buildUUID":{"uuid":{"$uuid":"b0df5a17-d7ab-400a-be70-b9f7aadd1acd"}},"namespace":"mongodb.django_admin_log","collectionUUID":{"uuid":{"$uuid":"a284bdfc-9430-4e15-8124-f478ce65a2db"}},"indexes":1,"firstIndex":{"name":"django_admin_log_content_type_id_c4bce8eb"}}}
{"t":{"$date":"2020-10-04T03:44:40.563+00:00"},"s":"I",  "c":"INDEX",    "id":20345,   "ctx":"conn8","msg":"Index build: done building","attr":{"buildUUID":null,"namespace":"mongodb.django_admin_log","index":"django_admin_log_content_type_id_c4bce8eb","commitTimestamp":{"$timestamp":{"t":0,"i":0}}}}
{"t":{"$date":"2020-10-04T03:44:40.563+00:00"},"s":"I",  "c":"INDEX",    "id":20440,   "ctx":"conn8","msg":"Index build: waiting for index build to complete","attr":{"buildUUID":{"uuid":{"$uuid":"b0df5a17-d7ab-400a-be70-b9f7aadd1acd"}},"deadline":{"$date":{"$numberLong":"9223372036854775807"}}}}
{"t":{"$date":"2020-10-04T03:44:40.563+00:00"},"s":"I",  "c":"INDEX",    "id":20447,   "ctx":"conn8","msg":"Index build: completed","attr":{"buildUUID":{"uuid":{"$uuid":"b0df5a17-d7ab-400a-be70-b9f7aadd1acd"}}}}
{"t":{"$date":"2020-10-04T03:44:40.565+00:00"},"s":"I",  "c":"INDEX",    "id":20438,   "ctx":"conn8","msg":"Index build: registering","attr":{"buildUUID":{"uuid":{"$uuid":"f930a7f8-603d-4fe4-9a46-ae1296275a64"}},"namespace":"mongodb.django_admin_log","collectionUUID":{"uuid":{"$uuid":"a284bdfc-9430-4e15-8124-f478ce65a2db"}},"indexes":1,"firstIndex":{"name":"django_admin_log_user_id_c564eba6"}}}
{"t":{"$date":"2020-10-04T03:44:40.593+00:00"},"s":"I",  "c":"INDEX",    "id":20345,   "ctx":"conn8","msg":"Index build: done building","attr":{"buildUUID":null,"namespace":"mongodb.django_admin_log","index":"django_admin_log_user_id_c564eba6","commitTimestamp":{"$timestamp":{"t":0,"i":0}}}}
{"t":{"$date":"2020-10-04T03:44:40.593+00:00"},"s":"I",  "c":"INDEX",    "id":20440,   "ctx":"conn8","msg":"Index build: waiting for index build to complete","attr":{"buildUUID":{"uuid":{"$uuid":"f930a7f8-603d-4fe4-9a46-ae1296275a64"}},"deadline":{"$date":{"$numberLong":"9223372036854775807"}}}}
{"t":{"$date":"2020-10-04T03:44:40.593+00:00"},"s":"I",  "c":"INDEX",    "id":20447,   "ctx":"conn8","msg":"Index build: completed","attr":{"buildUUID":{"uuid":{"$uuid":"f930a7f8-603d-4fe4-9a46-ae1296275a64"}}}}
{"t":{"$date":"2020-10-04T03:44:40.626+00:00"},"s":"I",  "c":"STORAGE",  "id":20320,   "ctx":"conn8","msg":"createCollection","attr":{"namespace":"mongodb.auth_permission","uuidDisposition":"generated","uuid":{"uuid":{"$uuid":"039bc3ee-070b-4bcd-bc02-6756e80cac56"}},"options":{}}}
{"t":{"$date":"2020-10-04T03:44:40.673+00:00"},"s":"I",  "c":"INDEX",    "id":20345,   "ctx":"conn8","msg":"Index build: done building","attr":{"buildUUID":null,"namespace":"mongodb.auth_permission","index":"_id_","commitTimestamp":{"$timestamp":{"t":0,"i":0}}}}
{"t":{"$date":"2020-10-04T03:44:40.674+00:00"},"s":"I",  "c":"INDEX",    "id":20438,   "ctx":"conn8","msg":"Index build: registering","attr":{"buildUUID":{"uuid":{"$uuid":"d7a66d58-4052-4bb7-947b-5be1fe9b2ecb"}},"namespace":"mongodb.auth_permission","collectionUUID":{"uuid":{"$uuid":"039bc3ee-070b-4bcd-bc02-6756e80cac56"}},"indexes":1,"firstIndex":{"name":"__primary_key__"}}}
{"t":{"$date":"2020-10-04T03:44:40.703+00:00"},"s":"I",  "c":"INDEX",    "id":20345,   "ctx":"conn8","msg":"Index build: done building","attr":{"buildUUID":null,"namespace":"mongodb.auth_permission","index":"__primary_key__","commitTimestamp":{"$timestamp":{"t":0,"i":0}}}}
{"t":{"$date":"2020-10-04T03:44:40.703+00:00"},"s":"I",  "c":"INDEX",    "id":20440,   "ctx":"conn8","msg":"Index build: waiting for index build to complete","attr":{"buildUUID":{"uuid":{"$uuid":"d7a66d58-4052-4bb7-947b-5be1fe9b2ecb"}},"deadline":{"$date":{"$numberLong":"9223372036854775807"}}}}
{"t":{"$date":"2020-10-04T03:44:40.703+00:00"},"s":"I",  "c":"INDEX",    "id":20447,   "ctx":"conn8","msg":"Index build: completed","attr":{"buildUUID":{"uuid":{"$uuid":"d7a66d58-4052-4bb7-947b-5be1fe9b2ecb"}}}}
{"t":{"$date":"2020-10-04T03:44:40.713+00:00"},"s":"I",  "c":"STORAGE",  "id":20320,   "ctx":"conn8","msg":"createCollection","attr":{"namespace":"mongodb.auth_group","uuidDisposition":"generated","uuid":{"uuid":{"$uuid":"470ffbc1-1f53-41cf-a14d-251487f350f9"}},"options":{}}}
{"t":{"$date":"2020-10-04T03:44:40.755+00:00"},"s":"I",  "c":"INDEX",    "id":20345,   "ctx":"conn8","msg":"Index build: done building","attr":{"buildUUID":null,"namespace":"mongodb.auth_group","index":"_id_","commitTimestamp":{"$timestamp":{"t":0,"i":0}}}}
{"t":{"$date":"2020-10-04T03:44:40.756+00:00"},"s":"I",  "c":"INDEX",    "id":20438,   "ctx":"conn8","msg":"Index build: registering","attr":{"buildUUID":{"uuid":{"$uuid":"d095f8ce-d642-40a1-84fd-bd005421258d"}},"namespace":"mongodb.auth_group","collectionUUID":{"uuid":{"$uuid":"470ffbc1-1f53-41cf-a14d-251487f350f9"}},"indexes":1,"firstIndex":{"name":"__primary_key__"}}}
{"t":{"$date":"2020-10-04T03:44:40.777+00:00"},"s":"I",  "c":"INDEX",    "id":20345,   "ctx":"conn8","msg":"Index build: done building","attr":{"buildUUID":null,"namespace":"mongodb.auth_group","index":"__primary_key__","commitTimestamp":{"$timestamp":{"t":0,"i":0}}}}
{"t":{"$date":"2020-10-04T03:44:40.777+00:00"},"s":"I",  "c":"INDEX",    "id":20440,   "ctx":"conn8","msg":"Index build: waiting for index build to complete","attr":{"buildUUID":{"uuid":{"$uuid":"d095f8ce-d642-40a1-84fd-bd005421258d"}},"deadline":{"$date":{"$numberLong":"9223372036854775807"}}}}
{"t":{"$date":"2020-10-04T03:44:40.777+00:00"},"s":"I",  "c":"INDEX",    "id":20447,   "ctx":"conn8","msg":"Index build: completed","attr":{"buildUUID":{"uuid":{"$uuid":"d095f8ce-d642-40a1-84fd-bd005421258d"}}}}
{"t":{"$date":"2020-10-04T03:44:40.778+00:00"},"s":"I",  "c":"INDEX",    "id":20438,   "ctx":"conn8","msg":"Index build: registering","attr":{"buildUUID":{"uuid":{"$uuid":"56f7c854-8ff9-42a6-bb6c-9adabcc0ec1d"}},"namespace":"mongodb.auth_group","collectionUUID":{"uuid":{"$uuid":"470ffbc1-1f53-41cf-a14d-251487f350f9"}},"indexes":1,"firstIndex":{"name":"name_1"}}}
{"t":{"$date":"2020-10-04T03:44:40.805+00:00"},"s":"I",  "c":"INDEX",    "id":20345,   "ctx":"conn8","msg":"Index build: done building","attr":{"buildUUID":null,"namespace":"mongodb.auth_group","index":"name_1","commitTimestamp":{"$timestamp":{"t":0,"i":0}}}}
{"t":{"$date":"2020-10-04T03:44:40.805+00:00"},"s":"I",  "c":"INDEX",    "id":20440,   "ctx":"conn8","msg":"Index build: waiting for index build to complete","attr":{"buildUUID":{"uuid":{"$uuid":"56f7c854-8ff9-42a6-bb6c-9adabcc0ec1d"}},"deadline":{"$date":{"$numberLong":"9223372036854775807"}}}}
{"t":{"$date":"2020-10-04T03:44:40.805+00:00"},"s":"I",  "c":"INDEX",    "id":20447,   "ctx":"conn8","msg":"Index build: completed","attr":{"buildUUID":{"uuid":{"$uuid":"56f7c854-8ff9-42a6-bb6c-9adabcc0ec1d"}}}}
{"t":{"$date":"2020-10-04T03:44:40.809+00:00"},"s":"I",  "c":"STORAGE",  "id":20320,   "ctx":"conn8","msg":"createCollection","attr":{"namespace":"mongodb.auth_group_permissions","uuidDisposition":"generated","uuid":{"uuid":{"$uuid":"2fc7f0f7-b506-46ba-87f3-8d9def668e26"}},"options":{}}}
{"t":{"$date":"2020-10-04T03:44:40.856+00:00"},"s":"I",  "c":"INDEX",    "id":20345,   "ctx":"conn8","msg":"Index build: done building","attr":{"buildUUID":null,"namespace":"mongodb.auth_group_permissions","index":"_id_","commitTimestamp":{"$timestamp":{"t":0,"i":0}}}}
{"t":{"$date":"2020-10-04T03:44:40.857+00:00"},"s":"I",  "c":"INDEX",    "id":20438,   "ctx":"conn8","msg":"Index build: registering","attr":{"buildUUID":{"uuid":{"$uuid":"5236fb81-8df9-4051-86c1-086687e7f069"}},"namespace":"mongodb.auth_group_permissions","collectionUUID":{"uuid":{"$uuid":"2fc7f0f7-b506-46ba-87f3-8d9def668e26"}},"indexes":1,"firstIndex":{"name":"__primary_key__"}}}
{"t":{"$date":"2020-10-04T03:44:40.878+00:00"},"s":"I",  "c":"INDEX",    "id":20345,   "ctx":"conn8","msg":"Index build: done building","attr":{"buildUUID":null,"namespace":"mongodb.auth_group_permissions","index":"__primary_key__","commitTimestamp":{"$timestamp":{"t":0,"i":0}}}}
{"t":{"$date":"2020-10-04T03:44:40.878+00:00"},"s":"I",  "c":"INDEX",    "id":20440,   "ctx":"conn8","msg":"Index build: waiting for index build to complete","attr":{"buildUUID":{"uuid":{"$uuid":"5236fb81-8df9-4051-86c1-086687e7f069"}},"deadline":{"$date":{"$numberLong":"9223372036854775807"}}}}
{"t":{"$date":"2020-10-04T03:44:40.878+00:00"},"s":"I",  "c":"INDEX",    "id":20447,   "ctx":"conn8","msg":"Index build: completed","attr":{"buildUUID":{"uuid":{"$uuid":"5236fb81-8df9-4051-86c1-086687e7f069"}}}}
{"t":{"$date":"2020-10-04T03:44:40.890+00:00"},"s":"I",  "c":"INDEX",    "id":20438,   "ctx":"conn8","msg":"Index build: registering","attr":{"buildUUID":{"uuid":{"$uuid":"d94569ba-c0f1-4d4a-954f-8723dba85914"}},"namespace":"mongodb.auth_permission","collectionUUID":{"uuid":{"$uuid":"039bc3ee-070b-4bcd-bc02-6756e80cac56"}},"indexes":1,"firstIndex":{"name":"auth_permission_content_type_id_codename_01ab375a_uniq"}}}
{"t":{"$date":"2020-10-04T03:44:40.915+00:00"},"s":"I",  "c":"INDEX",    "id":20345,   "ctx":"conn8","msg":"Index build: done building","attr":{"buildUUID":null,"namespace":"mongodb.auth_permission","index":"auth_permission_content_type_id_codename_01ab375a_uniq","commitTimestamp":{"$timestamp":{"t":0,"i":0}}}}
{"t":{"$date":"2020-10-04T03:44:40.915+00:00"},"s":"I",  "c":"INDEX",    "id":20440,   "ctx":"conn8","msg":"Index build: waiting for index build to complete","attr":{"buildUUID":{"uuid":{"$uuid":"d94569ba-c0f1-4d4a-954f-8723dba85914"}},"deadline":{"$date":{"$numberLong":"9223372036854775807"}}}}
{"t":{"$date":"2020-10-04T03:44:40.915+00:00"},"s":"I",  "c":"INDEX",    "id":20447,   "ctx":"conn8","msg":"Index build: completed","attr":{"buildUUID":{"uuid":{"$uuid":"d94569ba-c0f1-4d4a-954f-8723dba85914"}}}}
{"t":{"$date":"2020-10-04T03:44:40.917+00:00"},"s":"I",  "c":"INDEX",    "id":20438,   "ctx":"conn8","msg":"Index build: registering","attr":{"buildUUID":{"uuid":{"$uuid":"cdbe2850-1441-438f-9336-7bfeb092bc53"}},"namespace":"mongodb.auth_permission","collectionUUID":{"uuid":{"$uuid":"039bc3ee-070b-4bcd-bc02-6756e80cac56"}},"indexes":1,"firstIndex":{"name":"auth_permission_content_type_id_2f476e4b"}}}
{"t":{"$date":"2020-10-04T03:44:40.938+00:00"},"s":"I",  "c":"INDEX",    "id":20345,   "ctx":"conn8","msg":"Index build: done building","attr":{"buildUUID":null,"namespace":"mongodb.auth_permission","index":"auth_permission_content_type_id_2f476e4b","commitTimestamp":{"$timestamp":{"t":0,"i":0}}}}
{"t":{"$date":"2020-10-04T03:44:40.938+00:00"},"s":"I",  "c":"INDEX",    "id":20440,   "ctx":"conn8","msg":"Index build: waiting for index build to complete","attr":{"buildUUID":{"uuid":{"$uuid":"cdbe2850-1441-438f-9336-7bfeb092bc53"}},"deadline":{"$date":{"$numberLong":"9223372036854775807"}}}}
{"t":{"$date":"2020-10-04T03:44:40.938+00:00"},"s":"I",  "c":"INDEX",    "id":20447,   "ctx":"conn8","msg":"Index build: completed","attr":{"buildUUID":{"uuid":{"$uuid":"cdbe2850-1441-438f-9336-7bfeb092bc53"}}}}
{"t":{"$date":"2020-10-04T03:44:40.941+00:00"},"s":"I",  "c":"INDEX",    "id":20438,   "ctx":"conn8","msg":"Index build: registering","attr":{"buildUUID":{"uuid":{"$uuid":"c6e8c346-f3f8-48c8-b8db-2e2f5fe049ec"}},"namespace":"mongodb.auth_group_permissions","collectionUUID":{"uuid":{"$uuid":"2fc7f0f7-b506-46ba-87f3-8d9def668e26"}},"indexes":1,"firstIndex":{"name":"auth_group_permissions_group_id_permission_id_0cd325b0_uniq"}}}
{"t":{"$date":"2020-10-04T03:44:40.961+00:00"},"s":"I",  "c":"INDEX",    "id":20345,   "ctx":"conn8","msg":"Index build: done building","attr":{"buildUUID":null,"namespace":"mongodb.auth_group_permissions","index":"auth_group_permissions_group_id_permission_id_0cd325b0_uniq","commitTimestamp":{"$timestamp":{"t":0,"i":0}}}}
{"t":{"$date":"2020-10-04T03:44:40.961+00:00"},"s":"I",  "c":"INDEX",    "id":20440,   "ctx":"conn8","msg":"Index build: waiting for index build to complete","attr":{"buildUUID":{"uuid":{"$uuid":"c6e8c346-f3f8-48c8-b8db-2e2f5fe049ec"}},"deadline":{"$date":{"$numberLong":"9223372036854775807"}}}}
{"t":{"$date":"2020-10-04T03:44:40.961+00:00"},"s":"I",  "c":"INDEX",    "id":20447,   "ctx":"conn8","msg":"Index build: completed","attr":{"buildUUID":{"uuid":{"$uuid":"c6e8c346-f3f8-48c8-b8db-2e2f5fe049ec"}}}}
{"t":{"$date":"2020-10-04T03:44:40.964+00:00"},"s":"I",  "c":"INDEX",    "id":20438,   "ctx":"conn8","msg":"Index build: registering","attr":{"buildUUID":{"uuid":{"$uuid":"30e369d8-2dac-4d67-9ac2-6474faffc10d"}},"namespace":"mongodb.auth_group_permissions","collectionUUID":{"uuid":{"$uuid":"2fc7f0f7-b506-46ba-87f3-8d9def668e26"}},"indexes":1,"firstIndex":{"name":"auth_group_permissions_group_id_b120cbf9"}}}
{"t":{"$date":"2020-10-04T03:44:40.989+00:00"},"s":"I",  "c":"INDEX",    "id":20345,   "ctx":"conn8","msg":"Index build: done building","attr":{"buildUUID":null,"namespace":"mongodb.auth_group_permissions","index":"auth_group_permissions_group_id_b120cbf9","commitTimestamp":{"$timestamp":{"t":0,"i":0}}}}
{"t":{"$date":"2020-10-04T03:44:40.989+00:00"},"s":"I",  "c":"INDEX",    "id":20440,   "ctx":"conn8","msg":"Index build: waiting for index build to complete","attr":{"buildUUID":{"uuid":{"$uuid":"30e369d8-2dac-4d67-9ac2-6474faffc10d"}},"deadline":{"$date":{"$numberLong":"9223372036854775807"}}}}
{"t":{"$date":"2020-10-04T03:44:40.989+00:00"},"s":"I",  "c":"INDEX",    "id":20447,   "ctx":"conn8","msg":"Index build: completed","attr":{"buildUUID":{"uuid":{"$uuid":"30e369d8-2dac-4d67-9ac2-6474faffc10d"}}}}
{"t":{"$date":"2020-10-04T03:44:40.990+00:00"},"s":"I",  "c":"INDEX",    "id":20438,   "ctx":"conn8","msg":"Index build: registering","attr":{"buildUUID":{"uuid":{"$uuid":"b25607fb-108f-43b1-96d6-1c9df8a824d5"}},"namespace":"mongodb.auth_group_permissions","collectionUUID":{"uuid":{"$uuid":"2fc7f0f7-b506-46ba-87f3-8d9def668e26"}},"indexes":1,"firstIndex":{"name":"auth_group_permissions_permission_id_84c5c92e"}}}
{"t":{"$date":"2020-10-04T03:44:41.013+00:00"},"s":"I",  "c":"INDEX",    "id":20345,   "ctx":"conn8","msg":"Index build: done building","attr":{"buildUUID":null,"namespace":"mongodb.auth_group_permissions","index":"auth_group_permissions_permission_id_84c5c92e","commitTimestamp":{"$timestamp":{"t":0,"i":0}}}}
{"t":{"$date":"2020-10-04T03:44:41.013+00:00"},"s":"I",  "c":"INDEX",    "id":20440,   "ctx":"conn8","msg":"Index build: waiting for index build to complete","attr":{"buildUUID":{"uuid":{"$uuid":"b25607fb-108f-43b1-96d6-1c9df8a824d5"}},"deadline":{"$date":{"$numberLong":"9223372036854775807"}}}}
{"t":{"$date":"2020-10-04T03:44:41.013+00:00"},"s":"I",  "c":"INDEX",    "id":20447,   "ctx":"conn8","msg":"Index build: completed","attr":{"buildUUID":{"uuid":{"$uuid":"b25607fb-108f-43b1-96d6-1c9df8a824d5"}}}}
{"t":{"$date":"2020-10-04T03:44:41.079+00:00"},"s":"I",  "c":"STORAGE",  "id":20320,   "ctx":"conn8","msg":"createCollection","attr":{"namespace":"mongodb.django_session","uuidDisposition":"generated","uuid":{"uuid":{"$uuid":"58b875db-e3c5-43e1-82ee-2d92bb618dd1"}},"options":{}}}
{"t":{"$date":"2020-10-04T03:44:41.128+00:00"},"s":"I",  "c":"INDEX",    "id":20345,   "ctx":"conn8","msg":"Index build: done building","attr":{"buildUUID":null,"namespace":"mongodb.django_session","index":"_id_","commitTimestamp":{"$timestamp":{"t":0,"i":0}}}}
{"t":{"$date":"2020-10-04T03:44:41.128+00:00"},"s":"I",  "c":"INDEX",    "id":20438,   "ctx":"conn8","msg":"Index build: registering","attr":{"buildUUID":{"uuid":{"$uuid":"ba84d719-df08-49e5-8337-6ae35cf57937"}},"namespace":"mongodb.django_session","collectionUUID":{"uuid":{"$uuid":"58b875db-e3c5-43e1-82ee-2d92bb618dd1"}},"indexes":1,"firstIndex":{"name":"__primary_key__"}}}
{"t":{"$date":"2020-10-04T03:44:41.149+00:00"},"s":"I",  "c":"INDEX",    "id":20345,   "ctx":"conn8","msg":"Index build: done building","attr":{"buildUUID":null,"namespace":"mongodb.django_session","index":"__primary_key__","commitTimestamp":{"$timestamp":{"t":0,"i":0}}}}
{"t":{"$date":"2020-10-04T03:44:41.149+00:00"},"s":"I",  "c":"INDEX",    "id":20440,   "ctx":"conn8","msg":"Index build: waiting for index build to complete","attr":{"buildUUID":{"uuid":{"$uuid":"ba84d719-df08-49e5-8337-6ae35cf57937"}},"deadline":{"$date":{"$numberLong":"9223372036854775807"}}}}
{"t":{"$date":"2020-10-04T03:44:41.149+00:00"},"s":"I",  "c":"INDEX",    "id":20447,   "ctx":"conn8","msg":"Index build: completed","attr":{"buildUUID":{"uuid":{"$uuid":"ba84d719-df08-49e5-8337-6ae35cf57937"}}}}
{"t":{"$date":"2020-10-04T03:44:41.155+00:00"},"s":"I",  "c":"INDEX",    "id":20438,   "ctx":"conn8","msg":"Index build: registering","attr":{"buildUUID":{"uuid":{"$uuid":"f2c4e0d8-53cf-451d-a91a-3beb971bda4c"}},"namespace":"mongodb.django_session","collectionUUID":{"uuid":{"$uuid":"58b875db-e3c5-43e1-82ee-2d92bb618dd1"}},"indexes":1,"firstIndex":{"name":"django_session_expire_date_a5c62663"}}}
{"t":{"$date":"2020-10-04T03:44:41.178+00:00"},"s":"I",  "c":"INDEX",    "id":20345,   "ctx":"conn8","msg":"Index build: done building","attr":{"buildUUID":null,"namespace":"mongodb.django_session","index":"django_session_expire_date_a5c62663","commitTimestamp":{"$timestamp":{"t":0,"i":0}}}}
{"t":{"$date":"2020-10-04T03:44:41.178+00:00"},"s":"I",  "c":"INDEX",    "id":20440,   "ctx":"conn8","msg":"Index build: waiting for index build to complete","attr":{"buildUUID":{"uuid":{"$uuid":"f2c4e0d8-53cf-451d-a91a-3beb971bda4c"}},"deadline":{"$date":{"$numberLong":"9223372036854775807"}}}}
{"t":{"$date":"2020-10-04T03:44:41.178+00:00"},"s":"I",  "c":"INDEX",    "id":20447,   "ctx":"conn8","msg":"Index build: completed","attr":{"buildUUID":{"uuid":{"$uuid":"f2c4e0d8-53cf-451d-a91a-3beb971bda4c"}}}}
{"t":{"$date":"2020-10-04T03:44:41.309+00:00"},"s":"I",  "c":"NETWORK",  "id":22944,   "ctx":"conn9","msg":"Connection ended","attr":{"remote":"127.0.0.1:33692","connectionId":9,"connectionCount":2}}
{"t":{"$date":"2020-10-04T03:44:41.310+00:00"},"s":"I",  "c":"NETWORK",  "id":22944,   "ctx":"conn8","msg":"Connection ended","attr":{"remote":"127.0.0.1:33690","connectionId":8,"connectionCount":1}}
{"t":{"$date":"2020-10-04T03:44:41.676+00:00"},"s":"I",  "c":"-",        "id":20883,   "ctx":"conn7","msg":"Interrupted operation as its client disconnected","attr":{"opId":3562}}
{"t":{"$date":"2020-10-04T03:44:41.676+00:00"},"s":"I",  "c":"NETWORK",  "id":22944,   "ctx":"conn7","msg":"Connection ended","attr":{"remote":"127.0.0.1:33688","connectionId":7,"connectionCount":0}}
{"t":{"$date":"2020-10-04T03:44:59.552+00:00"},"s":"I",  "c":"NETWORK",  "id":22943,   "ctx":"listener","msg":"Connection accepted","attr":{"remote":"127.0.0.1:33732","connectionId":10,"connectionCount":1}}
{"t":{"$date":"2020-10-04T03:44:59.552+00:00"},"s":"I",  "c":"NETWORK",  "id":51800,   "ctx":"conn10","msg":"client metadata","attr":{"remote":"127.0.0.1:33732","client":"conn10","doc":{"driver":{"name":"PyMongo","version":"3.11.0"},"os":{"type":"Linux","name":"Linux","architecture":"x86_64","version":"5.4.0-1026-azure"},"platform":"CPython 3.8.1.final.0"}}}
{"t":{"$date":"2020-10-04T03:44:59.554+00:00"},"s":"I",  "c":"NETWORK",  "id":22943,   "ctx":"listener","msg":"Connection accepted","attr":{"remote":"127.0.0.1:33734","connectionId":11,"connectionCount":2}}
{"t":{"$date":"2020-10-04T03:44:59.554+00:00"},"s":"I",  "c":"NETWORK",  "id":22943,   "ctx":"listener","msg":"Connection accepted","attr":{"remote":"127.0.0.1:33736","connectionId":12,"connectionCount":3}}
{"t":{"$date":"2020-10-04T03:44:59.554+00:00"},"s":"I",  "c":"NETWORK",  "id":51800,   "ctx":"conn12","msg":"client metadata","attr":{"remote":"127.0.0.1:33736","client":"conn12","doc":{"driver":{"name":"PyMongo","version":"3.11.0"},"os":{"type":"Linux","name":"Linux","architecture":"x86_64","version":"5.4.0-1026-azure"},"platform":"CPython 3.8.1.final.0"}}}
{"t":{"$date":"2020-10-04T03:44:59.555+00:00"},"s":"I",  "c":"NETWORK",  "id":51800,   "ctx":"conn11","msg":"client metadata","attr":{"remote":"127.0.0.1:33734","client":"conn11","doc":{"driver":{"name":"PyMongo","version":"3.11.0"},"os":{"type":"Linux","name":"Linux","architecture":"x86_64","version":"5.4.0-1026-azure"},"platform":"CPython 3.8.1.final.0"}}}
{"t":{"$date":"2020-10-04T03:45:11.505+00:00"},"s":"I",  "c":"STORAGE",  "id":20320,   "ctx":"conn12","msg":"createCollection","attr":{"namespace":"mongodb.counseling_user","uuidDisposition":"generated","uuid":{"uuid":{"$uuid":"c619c7b6-2294-400e-825b-296408d0c78f"}},"options":{}}}
{"t":{"$date":"2020-10-04T03:45:11.554+00:00"},"s":"I",  "c":"INDEX",    "id":20345,   "ctx":"conn12","msg":"Index build: done building","attr":{"buildUUID":null,"namespace":"mongodb.counseling_user","index":"_id_","commitTimestamp":{"$timestamp":{"t":0,"i":0}}}}
{"t":{"$date":"2020-10-04T03:45:11.555+00:00"},"s":"I",  "c":"NETWORK",  "id":22944,   "ctx":"conn11","msg":"Connection ended","attr":{"remote":"127.0.0.1:33734","connectionId":11,"connectionCount":2}}
{"t":{"$date":"2020-10-04T03:45:11.555+00:00"},"s":"I",  "c":"NETWORK",  "id":22944,   "ctx":"conn12","msg":"Connection ended","attr":{"remote":"127.0.0.1:33736","connectionId":12,"connectionCount":1}}
{"t":{"$date":"2020-10-04T03:45:11.565+00:00"},"s":"I",  "c":"-",        "id":20883,   "ctx":"conn10","msg":"Interrupted operation as its client disconnected","attr":{"opId":4088}}
{"t":{"$date":"2020-10-04T03:45:11.565+00:00"},"s":"I",  "c":"NETWORK",  "id":22944,   "ctx":"conn10","msg":"Connection ended","attr":{"remote":"127.0.0.1:33732","connectionId":10,"connectionCount":0}}
{"t":{"$date":"2020-10-04T03:45:15.825+00:00"},"s":"I",  "c":"NETWORK",  "id":22943,   "ctx":"listener","msg":"Connection accepted","attr":{"remote":"127.0.0.1:33764","connectionId":13,"connectionCount":1}}
{"t":{"$date":"2020-10-04T03:45:15.825+00:00"},"s":"I",  "c":"NETWORK",  "id":51800,   "ctx":"conn13","msg":"client metadata","attr":{"remote":"127.0.0.1:33764","client":"conn13","doc":{"driver":{"name":"PyMongo","version":"3.11.0"},"os":{"type":"Linux","name":"Linux","architecture":"x86_64","version":"5.4.0-1026-azure"},"platform":"CPython 3.8.1.final.0"}}}
{"t":{"$date":"2020-10-04T03:45:15.828+00:00"},"s":"I",  "c":"NETWORK",  "id":22943,   "ctx":"listener","msg":"Connection accepted","attr":{"remote":"127.0.0.1:33766","connectionId":14,"connectionCount":2}}
{"t":{"$date":"2020-10-04T03:45:15.828+00:00"},"s":"I",  "c":"NETWORK",  "id":22943,   "ctx":"listener","msg":"Connection accepted","attr":{"remote":"127.0.0.1:33768","connectionId":15,"connectionCount":3}}
{"t":{"$date":"2020-10-04T03:45:15.829+00:00"},"s":"I",  "c":"NETWORK",  "id":51800,   "ctx":"conn15","msg":"client metadata","attr":{"remote":"127.0.0.1:33768","client":"conn15","doc":{"driver":{"name":"PyMongo","version":"3.11.0"},"os":{"type":"Linux","name":"Linux","architecture":"x86_64","version":"5.4.0-1026-azure"},"platform":"CPython 3.8.1.final.0"}}}
{"t":{"$date":"2020-10-04T03:45:15.829+00:00"},"s":"I",  "c":"NETWORK",  "id":51800,   "ctx":"conn14","msg":"client metadata","attr":{"remote":"127.0.0.1:33766","client":"conn14","doc":{"driver":{"name":"PyMongo","version":"3.11.0"},"os":{"type":"Linux","name":"Linux","architecture":"x86_64","version":"5.4.0-1026-azure"},"platform":"CPython 3.8.1.final.0"}}}
{"t":{"$date":"2020-10-04T03:45:26.348+00:00"},"s":"I",  "c":"NETWORK",  "id":22944,   "ctx":"conn14","msg":"Connection ended","attr":{"remote":"127.0.0.1:33766","connectionId":14,"connectionCount":2}}
{"t":{"$date":"2020-10-04T03:45:26.352+00:00"},"s":"I",  "c":"NETWORK",  "id":22944,   "ctx":"conn15","msg":"Connection ended","attr":{"remote":"127.0.0.1:33768","connectionId":15,"connectionCount":1}}
{"t":{"$date":"2020-10-04T03:45:26.839+00:00"},"s":"I",  "c":"-",        "id":20883,   "ctx":"conn13","msg":"Interrupted operation as its client disconnected","attr":{"opId":4303}}
{"t":{"$date":"2020-10-04T03:45:26.839+00:00"},"s":"I",  "c":"NETWORK",  "id":22944,   "ctx":"conn13","msg":"Connection ended","attr":{"remote":"127.0.0.1:33764","connectionId":13,"connectionCount":0}}
{"t":{"$date":"2020-10-04T03:46:25.655+00:00"},"s":"I",  "c":"NETWORK",  "id":22943,   "ctx":"listener","msg":"Connection accepted","attr":{"remote":"127.0.0.1:33882","connectionId":16,"connectionCount":1}}
{"t":{"$date":"2020-10-04T03:46:25.655+00:00"},"s":"I",  "c":"NETWORK",  "id":51800,   "ctx":"conn16","msg":"client metadata","attr":{"remote":"127.0.0.1:33882","client":"conn16","doc":{"driver":{"name":"PyMongo","version":"3.11.0"},"os":{"type":"Linux","name":"Linux","architecture":"x86_64","version":"5.4.0-1026-azure"},"platform":"CPython 3.8.1.final.0"}}}
{"t":{"$date":"2020-10-04T03:46:25.656+00:00"},"s":"I",  "c":"NETWORK",  "id":22943,   "ctx":"listener","msg":"Connection accepted","attr":{"remote":"127.0.0.1:33884","connectionId":17,"connectionCount":2}}
{"t":{"$date":"2020-10-04T03:46:25.657+00:00"},"s":"I",  "c":"NETWORK",  "id":51800,   "ctx":"conn17","msg":"client metadata","attr":{"remote":"127.0.0.1:33884","client":"conn17","doc":{"driver":{"name":"PyMongo","version":"3.11.0"},"os":{"type":"Linux","name":"Linux","architecture":"x86_64","version":"5.4.0-1026-azure"},"platform":"CPython 3.8.1.final.0"}}}
{"t":{"$date":"2020-10-04T03:46:25.657+00:00"},"s":"I",  "c":"NETWORK",  "id":22943,   "ctx":"listener","msg":"Connection accepted","attr":{"remote":"127.0.0.1:33886","connectionId":18,"connectionCount":3}}
{"t":{"$date":"2020-10-04T03:46:25.658+00:00"},"s":"I",  "c":"NETWORK",  "id":51800,   "ctx":"conn18","msg":"client metadata","attr":{"remote":"127.0.0.1:33886","client":"conn18","doc":{"driver":{"name":"PyMongo","version":"3.11.0"},"os":{"type":"Linux","name":"Linux","architecture":"x86_64","version":"5.4.0-1026-azure"},"platform":"CPython 3.8.1.final.0"}}}
{"t":{"$date":"2020-10-04T03:46:25.830+00:00"},"s":"I",  "c":"NETWORK",  "id":22944,   "ctx":"conn17","msg":"Connection ended","attr":{"remote":"127.0.0.1:33884","connectionId":17,"connectionCount":2}}
{"t":{"$date":"2020-10-04T03:46:25.830+00:00"},"s":"I",  "c":"NETWORK",  "id":22944,   "ctx":"conn18","msg":"Connection ended","attr":{"remote":"127.0.0.1:33886","connectionId":18,"connectionCount":1}}
{"t":{"$date":"2020-10-04T03:46:26.157+00:00"},"s":"I",  "c":"-",        "id":20883,   "ctx":"conn16","msg":"Interrupted operation as its client disconnected","attr":{"opId":5062}}
{"t":{"$date":"2020-10-04T03:46:26.157+00:00"},"s":"I",  "c":"NETWORK",  "id":22944,   "ctx":"conn16","msg":"Connection ended","attr":{"remote":"127.0.0.1:33882","connectionId":16,"connectionCount":0}}
{"t":{"$date":"2020-10-04T03:53:27.894+00:00"},"s":"I",  "c":"NETWORK",  "id":22943,   "ctx":"listener","msg":"Connection accepted","attr":{"remote":"127.0.0.1:34630","connectionId":19,"connectionCount":1}}
{"t":{"$date":"2020-10-04T03:53:27.895+00:00"},"s":"I",  "c":"NETWORK",  "id":51800,   "ctx":"conn19","msg":"client metadata","attr":{"remote":"127.0.0.1:34630","client":"conn19","doc":{"driver":{"name":"PyMongo","version":"3.11.0"},"os":{"type":"Linux","name":"Linux","architecture":"x86_64","version":"5.4.0-1026-azure"},"platform":"CPython 3.8.1.final.0"}}}
{"t":{"$date":"2020-10-04T03:53:27.897+00:00"},"s":"I",  "c":"NETWORK",  "id":22943,   "ctx":"listener","msg":"Connection accepted","attr":{"remote":"127.0.0.1:34632","connectionId":20,"connectionCount":2}}
{"t":{"$date":"2020-10-04T03:53:27.897+00:00"},"s":"I",  "c":"NETWORK",  "id":51800,   "ctx":"conn20","msg":"client metadata","attr":{"remote":"127.0.0.1:34632","client":"conn20","doc":{"driver":{"name":"PyMongo","version":"3.11.0"},"os":{"type":"Linux","name":"Linux","architecture":"x86_64","version":"5.4.0-1026-azure"},"platform":"CPython 3.8.1.final.0"}}}
{"t":{"$date":"2020-10-04T03:53:27.898+00:00"},"s":"I",  "c":"NETWORK",  "id":22943,   "ctx":"listener","msg":"Connection accepted","attr":{"remote":"127.0.0.1:34634","connectionId":21,"connectionCount":3}}
{"t":{"$date":"2020-10-04T03:53:27.902+00:00"},"s":"I",  "c":"NETWORK",  "id":51800,   "ctx":"conn21","msg":"client metadata","attr":{"remote":"127.0.0.1:34634","client":"conn21","doc":{"driver":{"name":"PyMongo","version":"3.11.0"},"os":{"type":"Linux","name":"Linux","architecture":"x86_64","version":"5.4.0-1026-azure"},"platform":"CPython 3.8.1.final.0"}}}
{"t":{"$date":"2020-10-04T03:54:23.957+00:00"},"s":"I",  "c":"-",        "id":20883,   "ctx":"conn19","msg":"Interrupted operation as its client disconnected","attr":{"opId":11005}}
{"t":{"$date":"2020-10-04T03:54:23.958+00:00"},"s":"I",  "c":"NETWORK",  "id":22944,   "ctx":"conn19","msg":"Connection ended","attr":{"remote":"127.0.0.1:34630","connectionId":19,"connectionCount":2}}
{"t":{"$date":"2020-10-04T03:54:24.055+00:00"},"s":"I",  "c":"NETWORK",  "id":22944,   "ctx":"conn20","msg":"Connection ended","attr":{"remote":"127.0.0.1:34632","connectionId":20,"connectionCount":1}}
{"t":{"$date":"2020-10-04T03:54:24.055+00:00"},"s":"I",  "c":"NETWORK",  "id":22944,   "ctx":"conn21","msg":"Connection ended","attr":{"remote":"127.0.0.1:34634","connectionId":21,"connectionCount":0}}
{"t":{"$date":"2020-10-04T03:54:24.598+00:00"},"s":"I",  "c":"NETWORK",  "id":22943,   "ctx":"listener","msg":"Connection accepted","attr":{"remote":"127.0.0.1:34730","connectionId":22,"connectionCount":1}}
{"t":{"$date":"2020-10-04T03:54:24.599+00:00"},"s":"I",  "c":"NETWORK",  "id":51800,   "ctx":"conn22","msg":"client metadata","attr":{"remote":"127.0.0.1:34730","client":"conn22","doc":{"driver":{"name":"PyMongo","version":"3.11.0"},"os":{"type":"Linux","name":"Linux","architecture":"x86_64","version":"5.4.0-1026-azure"},"platform":"CPython 3.8.1.final.0"}}}
{"t":{"$date":"2020-10-04T03:54:24.601+00:00"},"s":"I",  "c":"NETWORK",  "id":22943,   "ctx":"listener","msg":"Connection accepted","attr":{"remote":"127.0.0.1:34732","connectionId":23,"connectionCount":2}}
{"t":{"$date":"2020-10-04T03:54:24.602+00:00"},"s":"I",  "c":"NETWORK",  "id":22943,   "ctx":"listener","msg":"Connection accepted","attr":{"remote":"127.0.0.1:34734","connectionId":24,"connectionCount":3}}
{"t":{"$date":"2020-10-04T03:54:24.603+00:00"},"s":"I",  "c":"NETWORK",  "id":51800,   "ctx":"conn23","msg":"client metadata","attr":{"remote":"127.0.0.1:34732","client":"conn23","doc":{"driver":{"name":"PyMongo","version":"3.11.0"},"os":{"type":"Linux","name":"Linux","architecture":"x86_64","version":"5.4.0-1026-azure"},"platform":"CPython 3.8.1.final.0"}}}
{"t":{"$date":"2020-10-04T03:54:24.603+00:00"},"s":"I",  "c":"NETWORK",  "id":51800,   "ctx":"conn24","msg":"client metadata","attr":{"remote":"127.0.0.1:34734","client":"conn24","doc":{"driver":{"name":"PyMongo","version":"3.11.0"},"os":{"type":"Linux","name":"Linux","architecture":"x86_64","version":"5.4.0-1026-azure"},"platform":"CPython 3.8.1.final.0"}}}
{"t":{"$date":"2020-10-04T03:54:25.970+00:00"},"s":"I",  "c":"NETWORK",  "id":22944,   "ctx":"conn23","msg":"Connection ended","attr":{"remote":"127.0.0.1:34732","connectionId":23,"connectionCount":2}}
{"t":{"$date":"2020-10-04T03:54:25.970+00:00"},"s":"I",  "c":"NETWORK",  "id":22944,   "ctx":"conn24","msg":"Connection ended","attr":{"remote":"127.0.0.1:34734","connectionId":24,"connectionCount":1}}
{"t":{"$date":"2020-10-04T03:54:25.971+00:00"},"s":"I",  "c":"-",        "id":20883,   "ctx":"conn22","msg":"Interrupted operation as its client disconnected","attr":{"opId":11093}}
{"t":{"$date":"2020-10-04T03:54:25.971+00:00"},"s":"I",  "c":"NETWORK",  "id":22944,   "ctx":"conn22","msg":"Connection ended","attr":{"remote":"127.0.0.1:34730","connectionId":22,"connectionCount":0}}
{"t":{"$date":"2020-10-04T03:54:28.781+00:00"},"s":"I",  "c":"NETWORK",  "id":22943,   "ctx":"listener","msg":"Connection accepted","attr":{"remote":"127.0.0.1:34738","connectionId":25,"connectionCount":1}}
{"t":{"$date":"2020-10-04T03:54:28.781+00:00"},"s":"I",  "c":"NETWORK",  "id":51800,   "ctx":"conn25","msg":"client metadata","attr":{"remote":"127.0.0.1:34738","client":"conn25","doc":{"driver":{"name":"PyMongo","version":"3.11.0"},"os":{"type":"Linux","name":"Linux","architecture":"x86_64","version":"5.4.0-1026-azure"},"platform":"CPython 3.8.1.final.0"}}}
{"t":{"$date":"2020-10-04T03:54:28.783+00:00"},"s":"I",  "c":"NETWORK",  "id":22943,   "ctx":"listener","msg":"Connection accepted","attr":{"remote":"127.0.0.1:34740","connectionId":26,"connectionCount":2}}
{"t":{"$date":"2020-10-04T03:54:28.783+00:00"},"s":"I",  "c":"NETWORK",  "id":22943,   "ctx":"listener","msg":"Connection accepted","attr":{"remote":"127.0.0.1:34742","connectionId":27,"connectionCount":3}}
{"t":{"$date":"2020-10-04T03:54:28.783+00:00"},"s":"I",  "c":"NETWORK",  "id":51800,   "ctx":"conn26","msg":"client metadata","attr":{"remote":"127.0.0.1:34740","client":"conn26","doc":{"driver":{"name":"PyMongo","version":"3.11.0"},"os":{"type":"Linux","name":"Linux","architecture":"x86_64","version":"5.4.0-1026-azure"},"platform":"CPython 3.8.1.final.0"}}}
{"t":{"$date":"2020-10-04T03:54:28.783+00:00"},"s":"I",  "c":"NETWORK",  "id":51800,   "ctx":"conn27","msg":"client metadata","attr":{"remote":"127.0.0.1:34742","client":"conn27","doc":{"driver":{"name":"PyMongo","version":"3.11.0"},"os":{"type":"Linux","name":"Linux","architecture":"x86_64","version":"5.4.0-1026-azure"},"platform":"CPython 3.8.1.final.0"}}}
{"t":{"$date":"2020-10-04T03:54:28.901+00:00"},"s":"I",  "c":"NETWORK",  "id":22944,   "ctx":"conn27","msg":"Connection ended","attr":{"remote":"127.0.0.1:34742","connectionId":27,"connectionCount":2}}
{"t":{"$date":"2020-10-04T03:54:28.901+00:00"},"s":"I",  "c":"NETWORK",  "id":22944,   "ctx":"conn26","msg":"Connection ended","attr":{"remote":"127.0.0.1:34740","connectionId":26,"connectionCount":1}}
{"t":{"$date":"2020-10-04T03:54:29.283+00:00"},"s":"I",  "c":"-",        "id":20883,   "ctx":"conn25","msg":"Interrupted operation as its client disconnected","attr":{"opId":11149}}
{"t":{"$date":"2020-10-04T03:54:29.283+00:00"},"s":"I",  "c":"NETWORK",  "id":22944,   "ctx":"conn25","msg":"Connection ended","attr":{"remote":"127.0.0.1:34738","connectionId":25,"connectionCount":0}}
{"t":{"$date":"2020-10-04T03:55:16.639+00:00"},"s":"I",  "c":"NETWORK",  "id":22943,   "ctx":"listener","msg":"Connection accepted","attr":{"remote":"127.0.0.1:34826","connectionId":28,"connectionCount":1}}
{"t":{"$date":"2020-10-04T03:55:16.639+00:00"},"s":"I",  "c":"NETWORK",  "id":51800,   "ctx":"conn28","msg":"client metadata","attr":{"remote":"127.0.0.1:34826","client":"conn28","doc":{"driver":{"name":"PyMongo","version":"3.11.0"},"os":{"type":"Linux","name":"Linux","architecture":"x86_64","version":"5.4.0-1026-azure"},"platform":"CPython 3.8.1.final.0"}}}
{"t":{"$date":"2020-10-04T03:55:16.641+00:00"},"s":"I",  "c":"NETWORK",  "id":22943,   "ctx":"listener","msg":"Connection accepted","attr":{"remote":"127.0.0.1:34828","connectionId":29,"connectionCount":2}}
{"t":{"$date":"2020-10-04T03:55:16.641+00:00"},"s":"I",  "c":"NETWORK",  "id":22943,   "ctx":"listener","msg":"Connection accepted","attr":{"remote":"127.0.0.1:34830","connectionId":30,"connectionCount":3}}
{"t":{"$date":"2020-10-04T03:55:16.641+00:00"},"s":"I",  "c":"NETWORK",  "id":51800,   "ctx":"conn30","msg":"client metadata","attr":{"remote":"127.0.0.1:34830","client":"conn30","doc":{"driver":{"name":"PyMongo","version":"3.11.0"},"os":{"type":"Linux","name":"Linux","architecture":"x86_64","version":"5.4.0-1026-azure"},"platform":"CPython 3.8.1.final.0"}}}
{"t":{"$date":"2020-10-04T03:55:16.642+00:00"},"s":"I",  "c":"NETWORK",  "id":51800,   "ctx":"conn29","msg":"client metadata","attr":{"remote":"127.0.0.1:34828","client":"conn29","doc":{"driver":{"name":"PyMongo","version":"3.11.0"},"os":{"type":"Linux","name":"Linux","architecture":"x86_64","version":"5.4.0-1026-azure"},"platform":"CPython 3.8.1.final.0"}}}
{"t":{"$date":"2020-10-04T03:55:16.662+00:00"},"s":"I",  "c":"NETWORK",  "id":22944,   "ctx":"conn30","msg":"Connection ended","attr":{"remote":"127.0.0.1:34830","connectionId":30,"connectionCount":2}}
{"t":{"$date":"2020-10-04T03:55:16.663+00:00"},"s":"I",  "c":"NETWORK",  "id":22944,   "ctx":"conn29","msg":"Connection ended","attr":{"remote":"127.0.0.1:34828","connectionId":29,"connectionCount":1}}
{"t":{"$date":"2020-10-04T03:55:17.141+00:00"},"s":"I",  "c":"-",        "id":20883,   "ctx":"conn28","msg":"Interrupted operation as its client disconnected","attr":{"opId":11789}}
{"t":{"$date":"2020-10-04T03:55:17.142+00:00"},"s":"I",  "c":"NETWORK",  "id":22944,   "ctx":"conn28","msg":"Connection ended","attr":{"remote":"127.0.0.1:34826","connectionId":28,"connectionCount":0}}
{"t":{"$date":"2020-10-04T03:55:23.745+00:00"},"s":"I",  "c":"NETWORK",  "id":22943,   "ctx":"listener","msg":"Connection accepted","attr":{"remote":"127.0.0.1:34842","connectionId":31,"connectionCount":1}}
{"t":{"$date":"2020-10-04T03:55:23.745+00:00"},"s":"I",  "c":"NETWORK",  "id":51800,   "ctx":"conn31","msg":"client metadata","attr":{"remote":"127.0.0.1:34842","client":"conn31","doc":{"driver":{"name":"PyMongo","version":"3.11.0"},"os":{"type":"Linux","name":"Linux","architecture":"x86_64","version":"5.4.0-1026-azure"},"platform":"CPython 3.8.1.final.0"}}}
{"t":{"$date":"2020-10-04T03:55:23.747+00:00"},"s":"I",  "c":"NETWORK",  "id":22943,   "ctx":"listener","msg":"Connection accepted","attr":{"remote":"127.0.0.1:34844","connectionId":32,"connectionCount":2}}
{"t":{"$date":"2020-10-04T03:55:23.747+00:00"},"s":"I",  "c":"NETWORK",  "id":51800,   "ctx":"conn32","msg":"client metadata","attr":{"remote":"127.0.0.1:34844","client":"conn32","doc":{"driver":{"name":"PyMongo","version":"3.11.0"},"os":{"type":"Linux","name":"Linux","architecture":"x86_64","version":"5.4.0-1026-azure"},"platform":"CPython 3.8.1.final.0"}}}
{"t":{"$date":"2020-10-04T03:55:23.747+00:00"},"s":"I",  "c":"NETWORK",  "id":22943,   "ctx":"listener","msg":"Connection accepted","attr":{"remote":"127.0.0.1:34846","connectionId":33,"connectionCount":3}}
{"t":{"$date":"2020-10-04T03:55:23.748+00:00"},"s":"I",  "c":"NETWORK",  "id":51800,   "ctx":"conn33","msg":"client metadata","attr":{"remote":"127.0.0.1:34846","client":"conn33","doc":{"driver":{"name":"PyMongo","version":"3.11.0"},"os":{"type":"Linux","name":"Linux","architecture":"x86_64","version":"5.4.0-1026-azure"},"platform":"CPython 3.8.1.final.0"}}}
{"t":{"$date":"2020-10-04T03:55:23.851+00:00"},"s":"I",  "c":"NETWORK",  "id":22944,   "ctx":"conn33","msg":"Connection ended","attr":{"remote":"127.0.0.1:34846","connectionId":33,"connectionCount":2}}
{"t":{"$date":"2020-10-04T03:55:23.852+00:00"},"s":"I",  "c":"NETWORK",  "id":22944,   "ctx":"conn32","msg":"Connection ended","attr":{"remote":"127.0.0.1:34844","connectionId":32,"connectionCount":1}}
{"t":{"$date":"2020-10-04T03:55:24.247+00:00"},"s":"I",  "c":"-",        "id":20883,   "ctx":"conn31","msg":"Interrupted operation as its client disconnected","attr":{"opId":11885}}
{"t":{"$date":"2020-10-04T03:55:24.247+00:00"},"s":"I",  "c":"NETWORK",  "id":22944,   "ctx":"conn31","msg":"Connection ended","attr":{"remote":"127.0.0.1:34842","connectionId":31,"connectionCount":0}}
{"t":{"$date":"2020-10-04T03:55:34.005+00:00"},"s":"I",  "c":"NETWORK",  "id":22943,   "ctx":"listener","msg":"Connection accepted","attr":{"remote":"127.0.0.1:34868","connectionId":34,"connectionCount":1}}
{"t":{"$date":"2020-10-04T03:55:34.008+00:00"},"s":"I",  "c":"NETWORK",  "id":51800,   "ctx":"conn34","msg":"client metadata","attr":{"remote":"127.0.0.1:34868","client":"conn34","doc":{"driver":{"name":"PyMongo","version":"3.11.0"},"os":{"type":"Linux","name":"Linux","architecture":"x86_64","version":"5.4.0-1026-azure"},"platform":"CPython 3.8.1.final.0"}}}
{"t":{"$date":"2020-10-04T03:55:34.015+00:00"},"s":"I",  "c":"NETWORK",  "id":22943,   "ctx":"listener","msg":"Connection accepted","attr":{"remote":"127.0.0.1:34870","connectionId":35,"connectionCount":2}}
{"t":{"$date":"2020-10-04T03:55:34.017+00:00"},"s":"I",  "c":"NETWORK",  "id":22943,   "ctx":"listener","msg":"Connection accepted","attr":{"remote":"127.0.0.1:34872","connectionId":36,"connectionCount":3}}
{"t":{"$date":"2020-10-04T03:55:34.019+00:00"},"s":"I",  "c":"NETWORK",  "id":51800,   "ctx":"conn35","msg":"client metadata","attr":{"remote":"127.0.0.1:34870","client":"conn35","doc":{"driver":{"name":"PyMongo","version":"3.11.0"},"os":{"type":"Linux","name":"Linux","architecture":"x86_64","version":"5.4.0-1026-azure"},"platform":"CPython 3.8.1.final.0"}}}
{"t":{"$date":"2020-10-04T03:55:34.019+00:00"},"s":"I",  "c":"NETWORK",  "id":51800,   "ctx":"conn36","msg":"client metadata","attr":{"remote":"127.0.0.1:34872","client":"conn36","doc":{"driver":{"name":"PyMongo","version":"3.11.0"},"os":{"type":"Linux","name":"Linux","architecture":"x86_64","version":"5.4.0-1026-azure"},"platform":"CPython 3.8.1.final.0"}}}
{"t":{"$date":"2020-10-04T03:55:34.086+00:00"},"s":"I",  "c":"NETWORK",  "id":22944,   "ctx":"conn36","msg":"Connection ended","attr":{"remote":"127.0.0.1:34872","connectionId":36,"connectionCount":2}}
{"t":{"$date":"2020-10-04T03:55:34.088+00:00"},"s":"I",  "c":"NETWORK",  "id":22944,   "ctx":"conn35","msg":"Connection ended","attr":{"remote":"127.0.0.1:34870","connectionId":35,"connectionCount":1}}
{"t":{"$date":"2020-10-04T03:55:34.516+00:00"},"s":"I",  "c":"-",        "id":20883,   "ctx":"conn34","msg":"Interrupted operation as its client disconnected","attr":{"opId":12046}}
{"t":{"$date":"2020-10-04T03:55:34.517+00:00"},"s":"I",  "c":"NETWORK",  "id":22944,   "ctx":"conn34","msg":"Connection ended","attr":{"remote":"127.0.0.1:34868","connectionId":34,"connectionCount":0}}
{"t":{"$date":"2020-10-04T03:55:54.991+00:00"},"s":"I",  "c":"NETWORK",  "id":22943,   "ctx":"listener","msg":"Connection accepted","attr":{"remote":"127.0.0.1:34926","connectionId":37,"connectionCount":1}}
{"t":{"$date":"2020-10-04T03:55:54.992+00:00"},"s":"I",  "c":"NETWORK",  "id":51800,   "ctx":"conn37","msg":"client metadata","attr":{"remote":"127.0.0.1:34926","client":"conn37","doc":{"driver":{"name":"PyMongo","version":"3.11.0"},"os":{"type":"Linux","name":"Linux","architecture":"x86_64","version":"5.4.0-1026-azure"},"platform":"CPython 3.8.1.final.0"}}}
{"t":{"$date":"2020-10-04T03:55:54.995+00:00"},"s":"I",  "c":"NETWORK",  "id":22943,   "ctx":"listener","msg":"Connection accepted","attr":{"remote":"127.0.0.1:34928","connectionId":38,"connectionCount":2}}
{"t":{"$date":"2020-10-04T03:55:54.996+00:00"},"s":"I",  "c":"NETWORK",  "id":51800,   "ctx":"conn38","msg":"client metadata","attr":{"remote":"127.0.0.1:34928","client":"conn38","doc":{"driver":{"name":"PyMongo","version":"3.11.0"},"os":{"type":"Linux","name":"Linux","architecture":"x86_64","version":"5.4.0-1026-azure"},"platform":"CPython 3.8.1.final.0"}}}
{"t":{"$date":"2020-10-04T03:55:54.996+00:00"},"s":"I",  "c":"NETWORK",  "id":22943,   "ctx":"listener","msg":"Connection accepted","attr":{"remote":"127.0.0.1:34930","connectionId":39,"connectionCount":3}}
{"t":{"$date":"2020-10-04T03:55:54.997+00:00"},"s":"I",  "c":"NETWORK",  "id":51800,   "ctx":"conn39","msg":"client metadata","attr":{"remote":"127.0.0.1:34930","client":"conn39","doc":{"driver":{"name":"PyMongo","version":"3.11.0"},"os":{"type":"Linux","name":"Linux","architecture":"x86_64","version":"5.4.0-1026-azure"},"platform":"CPython 3.8.1.final.0"}}}
{"t":{"$date":"2020-10-04T03:56:07.861+00:00"},"s":"I",  "c":"NETWORK",  "id":22944,   "ctx":"conn39","msg":"Connection ended","attr":{"remote":"127.0.0.1:34930","connectionId":39,"connectionCount":2}}
{"t":{"$date":"2020-10-04T03:56:07.862+00:00"},"s":"I",  "c":"NETWORK",  "id":22944,   "ctx":"conn38","msg":"Connection ended","attr":{"remote":"127.0.0.1:34928","connectionId":38,"connectionCount":1}}
{"t":{"$date":"2020-10-04T03:56:08.007+00:00"},"s":"I",  "c":"-",        "id":20883,   "ctx":"conn37","msg":"Interrupted operation as its client disconnected","attr":{"opId":12448}}
{"t":{"$date":"2020-10-04T03:56:08.007+00:00"},"s":"I",  "c":"NETWORK",  "id":22944,   "ctx":"conn37","msg":"Connection ended","attr":{"remote":"127.0.0.1:34926","connectionId":37,"connectionCount":0}}
{"t":{"$date":"2020-10-04T03:56:25.841+00:00"},"s":"I",  "c":"NETWORK",  "id":22943,   "ctx":"listener","msg":"Connection accepted","attr":{"remote":"127.0.0.1:34978","connectionId":40,"connectionCount":1}}
{"t":{"$date":"2020-10-04T03:56:25.842+00:00"},"s":"I",  "c":"NETWORK",  "id":51800,   "ctx":"conn40","msg":"client metadata","attr":{"remote":"127.0.0.1:34978","client":"conn40","doc":{"driver":{"name":"PyMongo","version":"3.11.0"},"os":{"type":"Linux","name":"Linux","architecture":"x86_64","version":"5.4.0-1026-azure"},"platform":"CPython 3.8.1.final.0"}}}
{"t":{"$date":"2020-10-04T03:56:25.843+00:00"},"s":"I",  "c":"NETWORK",  "id":22943,   "ctx":"listener","msg":"Connection accepted","attr":{"remote":"127.0.0.1:34980","connectionId":41,"connectionCount":2}}
{"t":{"$date":"2020-10-04T03:56:25.843+00:00"},"s":"I",  "c":"NETWORK",  "id":22943,   "ctx":"listener","msg":"Connection accepted","attr":{"remote":"127.0.0.1:34982","connectionId":42,"connectionCount":3}}
{"t":{"$date":"2020-10-04T03:56:25.844+00:00"},"s":"I",  "c":"NETWORK",  "id":51800,   "ctx":"conn41","msg":"client metadata","attr":{"remote":"127.0.0.1:34980","client":"conn41","doc":{"driver":{"name":"PyMongo","version":"3.11.0"},"os":{"type":"Linux","name":"Linux","architecture":"x86_64","version":"5.4.0-1026-azure"},"platform":"CPython 3.8.1.final.0"}}}
{"t":{"$date":"2020-10-04T03:56:25.844+00:00"},"s":"I",  "c":"NETWORK",  "id":51800,   "ctx":"conn42","msg":"client metadata","attr":{"remote":"127.0.0.1:34982","client":"conn42","doc":{"driver":{"name":"PyMongo","version":"3.11.0"},"os":{"type":"Linux","name":"Linux","architecture":"x86_64","version":"5.4.0-1026-azure"},"platform":"CPython 3.8.1.final.0"}}}
{"t":{"$date":"2020-10-04T03:56:39.733+00:00"},"s":"I",  "c":"NETWORK",  "id":22944,   "ctx":"conn42","msg":"Connection ended","attr":{"remote":"127.0.0.1:34982","connectionId":42,"connectionCount":2}}
{"t":{"$date":"2020-10-04T03:56:39.734+00:00"},"s":"I",  "c":"NETWORK",  "id":22944,   "ctx":"conn41","msg":"Connection ended","attr":{"remote":"127.0.0.1:34980","connectionId":41,"connectionCount":1}}
{"t":{"$date":"2020-10-04T03:56:39.858+00:00"},"s":"I",  "c":"-",        "id":20883,   "ctx":"conn40","msg":"Interrupted operation as its client disconnected","attr":{"opId":12849}}
{"t":{"$date":"2020-10-04T03:56:39.858+00:00"},"s":"I",  "c":"NETWORK",  "id":22944,   "ctx":"conn40","msg":"Connection ended","attr":{"remote":"127.0.0.1:34978","connectionId":40,"connectionCount":0}}
{"t":{"$date":"2020-10-04T03:56:43.553+00:00"},"s":"I",  "c":"NETWORK",  "id":22943,   "ctx":"listener","msg":"Connection accepted","attr":{"remote":"127.0.0.1:35008","connectionId":43,"connectionCount":1}}
{"t":{"$date":"2020-10-04T03:56:43.554+00:00"},"s":"I",  "c":"NETWORK",  "id":51800,   "ctx":"conn43","msg":"client metadata","attr":{"remote":"127.0.0.1:35008","client":"conn43","doc":{"driver":{"name":"PyMongo","version":"3.11.0"},"os":{"type":"Linux","name":"Linux","architecture":"x86_64","version":"5.4.0-1026-azure"},"platform":"CPython 3.8.1.final.0"}}}
{"t":{"$date":"2020-10-04T03:56:43.556+00:00"},"s":"I",  "c":"NETWORK",  "id":22943,   "ctx":"listener","msg":"Connection accepted","attr":{"remote":"127.0.0.1:35010","connectionId":44,"connectionCount":2}}
{"t":{"$date":"2020-10-04T03:56:43.557+00:00"},"s":"I",  "c":"NETWORK",  "id":51800,   "ctx":"conn44","msg":"client metadata","attr":{"remote":"127.0.0.1:35010","client":"conn44","doc":{"driver":{"name":"PyMongo","version":"3.11.0"},"os":{"type":"Linux","name":"Linux","architecture":"x86_64","version":"5.4.0-1026-azure"},"platform":"CPython 3.8.1.final.0"}}}
{"t":{"$date":"2020-10-04T03:56:43.558+00:00"},"s":"I",  "c":"NETWORK",  "id":22943,   "ctx":"listener","msg":"Connection accepted","attr":{"remote":"127.0.0.1:35012","connectionId":45,"connectionCount":3}}
{"t":{"$date":"2020-10-04T03:56:43.559+00:00"},"s":"I",  "c":"NETWORK",  "id":51800,   "ctx":"conn45","msg":"client metadata","attr":{"remote":"127.0.0.1:35012","client":"conn45","doc":{"driver":{"name":"PyMongo","version":"3.11.0"},"os":{"type":"Linux","name":"Linux","architecture":"x86_64","version":"5.4.0-1026-azure"},"platform":"CPython 3.8.1.final.0"}}}
{"t":{"$date":"2020-10-04T03:56:50.526+00:00"},"s":"I",  "c":"NETWORK",  "id":22944,   "ctx":"conn45","msg":"Connection ended","attr":{"remote":"127.0.0.1:35012","connectionId":45,"connectionCount":2}}
{"t":{"$date":"2020-10-04T03:56:50.526+00:00"},"s":"I",  "c":"NETWORK",  "id":22944,   "ctx":"conn44","msg":"Connection ended","attr":{"remote":"127.0.0.1:35010","connectionId":44,"connectionCount":1}}
{"t":{"$date":"2020-10-04T03:56:50.564+00:00"},"s":"I",  "c":"-",        "id":20883,   "ctx":"conn43","msg":"Interrupted operation as its client disconnected","attr":{"opId":12950}}
{"t":{"$date":"2020-10-04T03:56:50.565+00:00"},"s":"I",  "c":"NETWORK",  "id":22944,   "ctx":"conn43","msg":"Connection ended","attr":{"remote":"127.0.0.1:35008","connectionId":43,"connectionCount":0}}
